<?xml version="1.0" encoding="UTF-8"?>
<testng-results skipped="0" failed="0" ignored="0" total="16" passed="16">
  <reporter-output>
  </reporter-output>
  <suite name="Suite" duration-ms="68482" started-at="2024-07-16T12:52:08 BDT" finished-at="2024-07-16T12:53:16 BDT">
    <groups>
      <group name="cucumber">
        <method signature="AbstractTestNGCucumberTests.runScenario(io.cucumber.testng.PickleWrapper, io.cucumber.testng.FeatureWrapper)[pri:0, instance:TestRunner.AllRunnerTest@3d99d22e]" name="runScenario" class="io.cucumber.testng.AbstractTestNGCucumberTests"/>
      </group> <!-- cucumber -->
    </groups>
    <test name="webTest" duration-ms="68482" started-at="2024-07-16T12:52:08 BDT" finished-at="2024-07-16T12:53:16 BDT">
      <class name="TestRunner.AllRunnerTest">
        <test-method status="PASS" signature="setUpClass()[pri:0, instance:TestRunner.AllRunnerTest@3d99d22e]" name="setUpClass" is-config="true" duration-ms="501" started-at="2024-07-16T12:52:08 BDT" finished-at="2024-07-16T12:52:08 BDT">
          <reporter-output>
          </reporter-output>
        </test-method> <!-- setUpClass -->
        <test-method status="PASS" signature="runScenario(io.cucumber.testng.PickleWrapper, io.cucumber.testng.FeatureWrapper)[pri:0, instance:TestRunner.AllRunnerTest@3d99d22e]" name="runScenario" duration-ms="5572" started-at="2024-07-16T12:52:08 BDT" description="Runs Cucumber Scenarios" data-provider="scenarios" finished-at="2024-07-16T12:52:14 BDT">
          <params>
            <param index="0">
              <value>
                <![CDATA["Login with valid data"]]>
              </value>
            </param>
            <param index="1">
              <value>
                <![CDATA["Optional[EQMS Login]"]]>
              </value>
            </param>
          </params>
          <reporter-output>
          </reporter-output>
        </test-method> <!-- runScenario -->
        <test-method status="PASS" signature="runScenario(io.cucumber.testng.PickleWrapper, io.cucumber.testng.FeatureWrapper)[pri:0, instance:TestRunner.AllRunnerTest@3d99d22e]" name="runScenario" duration-ms="3727" started-at="2024-07-16T12:52:14 BDT" description="Runs Cucumber Scenarios" data-provider="scenarios" finished-at="2024-07-16T12:52:17 BDT">
          <params>
            <param index="0">
              <value>
                <![CDATA["Add customer complaints issue"]]>
              </value>
            </param>
            <param index="1">
              <value>
                <![CDATA["Optional[Customer Complains]"]]>
              </value>
            </param>
          </params>
          <reporter-output>
          </reporter-output>
        </test-method> <!-- runScenario -->
        <test-method status="PASS" signature="runScenario(io.cucumber.testng.PickleWrapper, io.cucumber.testng.FeatureWrapper)[pri:0, instance:TestRunner.AllRunnerTest@3d99d22e]" name="runScenario" duration-ms="7592" started-at="2024-07-16T12:52:17 BDT" description="Runs Cucumber Scenarios" data-provider="scenarios" finished-at="2024-07-16T12:52:25 BDT">
          <params>
            <param index="0">
              <value>
                <![CDATA["Add Marketing representative"]]>
              </value>
            </param>
            <param index="1">
              <value>
                <![CDATA["Optional[Marketing/IMD Representative]"]]>
              </value>
            </param>
          </params>
          <reporter-output>
          </reporter-output>
        </test-method> <!-- runScenario -->
        <test-method status="PASS" signature="runScenario(io.cucumber.testng.PickleWrapper, io.cucumber.testng.FeatureWrapper)[pri:0, instance:TestRunner.AllRunnerTest@3d99d22e]" name="runScenario" duration-ms="7152" started-at="2024-07-16T12:52:25 BDT" description="Runs Cucumber Scenarios" data-provider="scenarios" finished-at="2024-07-16T12:52:32 BDT">
          <params>
            <param index="0">
              <value>
                <![CDATA["Add Factory head information"]]>
              </value>
            </param>
            <param index="1">
              <value>
                <![CDATA["Optional[Factory Head]"]]>
              </value>
            </param>
          </params>
          <reporter-output>
          </reporter-output>
        </test-method> <!-- runScenario -->
        <test-method status="PASS" signature="runScenario(io.cucumber.testng.PickleWrapper, io.cucumber.testng.FeatureWrapper)[pri:0, instance:TestRunner.AllRunnerTest@3d99d22e]" name="runScenario" duration-ms="8622" started-at="2024-07-16T12:52:32 BDT" description="Runs Cucumber Scenarios" data-provider="scenarios" finished-at="2024-07-16T12:52:41 BDT">
          <params>
            <param index="0">
              <value>
                <![CDATA["Add head of qa"]]>
              </value>
            </param>
            <param index="1">
              <value>
                <![CDATA["Optional[Head Of QA]"]]>
              </value>
            </param>
          </params>
          <reporter-output>
          </reporter-output>
        </test-method> <!-- runScenario -->
        <test-method status="PASS" signature="runScenario(io.cucumber.testng.PickleWrapper, io.cucumber.testng.FeatureWrapper)[pri:0, instance:TestRunner.AllRunnerTest@3d99d22e]" name="runScenario" duration-ms="3738" started-at="2024-07-16T12:52:41 BDT" description="Runs Cucumber Scenarios" data-provider="scenarios" finished-at="2024-07-16T12:52:44 BDT">
          <params>
            <param index="0">
              <value>
                <![CDATA["Add Head of PD"]]>
              </value>
            </param>
            <param index="1">
              <value>
                <![CDATA["Optional[Head of PD and Production]"]]>
              </value>
            </param>
          </params>
          <reporter-output>
          </reporter-output>
        </test-method> <!-- runScenario -->
        <test-method status="PASS" signature="runScenario(io.cucumber.testng.PickleWrapper, io.cucumber.testng.FeatureWrapper)[pri:0, instance:TestRunner.AllRunnerTest@3d99d22e]" name="runScenario" duration-ms="2740" started-at="2024-07-16T12:52:44 BDT" description="Runs Cucumber Scenarios" data-provider="scenarios" finished-at="2024-07-16T12:52:47 BDT">
          <params>
            <param index="0">
              <value>
                <![CDATA["Add Head of Production"]]>
              </value>
            </param>
            <param index="1">
              <value>
                <![CDATA["Optional[Head of Production]"]]>
              </value>
            </param>
          </params>
          <reporter-output>
          </reporter-output>
        </test-method> <!-- runScenario -->
        <test-method status="PASS" signature="runScenario(io.cucumber.testng.PickleWrapper, io.cucumber.testng.FeatureWrapper)[pri:0, instance:TestRunner.AllRunnerTest@3d99d22e]" name="runScenario" duration-ms="3646" started-at="2024-07-16T12:52:47 BDT" description="Runs Cucumber Scenarios" data-provider="scenarios" finished-at="2024-07-16T12:52:51 BDT">
          <params>
            <param index="0">
              <value>
                <![CDATA["Add RC and CAPA Team"]]>
              </value>
            </param>
            <param index="1">
              <value>
                <![CDATA["Optional[RC and CAPA Team]"]]>
              </value>
            </param>
          </params>
          <reporter-output>
          </reporter-output>
        </test-method> <!-- runScenario -->
        <test-method status="PASS" signature="runScenario(io.cucumber.testng.PickleWrapper, io.cucumber.testng.FeatureWrapper)[pri:0, instance:TestRunner.AllRunnerTest@3d99d22e]" name="runScenario" duration-ms="2850" started-at="2024-07-16T12:52:51 BDT" description="Runs Cucumber Scenarios" data-provider="scenarios" finished-at="2024-07-16T12:52:54 BDT">
          <params>
            <param index="0">
              <value>
                <![CDATA["Add QA Head Approval"]]>
              </value>
            </param>
            <param index="1">
              <value>
                <![CDATA["Optional[Approval Page]"]]>
              </value>
            </param>
          </params>
          <reporter-output>
          </reporter-output>
        </test-method> <!-- runScenario -->
        <test-method status="PASS" signature="runScenario(io.cucumber.testng.PickleWrapper, io.cucumber.testng.FeatureWrapper)[pri:0, instance:TestRunner.AllRunnerTest@3d99d22e]" name="runScenario" duration-ms="2837" started-at="2024-07-16T12:52:54 BDT" description="Runs Cucumber Scenarios" data-provider="scenarios" finished-at="2024-07-16T12:52:57 BDT">
          <params>
            <param index="0">
              <value>
                <![CDATA["Add QA Head Approval"]]>
              </value>
            </param>
            <param index="1">
              <value>
                <![CDATA["Optional[Approval Page]"]]>
              </value>
            </param>
          </params>
          <reporter-output>
          </reporter-output>
        </test-method> <!-- runScenario -->
        <test-method status="PASS" signature="runScenario(io.cucumber.testng.PickleWrapper, io.cucumber.testng.FeatureWrapper)[pri:0, instance:TestRunner.AllRunnerTest@3d99d22e]" name="runScenario" duration-ms="2782" started-at="2024-07-16T12:52:57 BDT" description="Runs Cucumber Scenarios" data-provider="scenarios" finished-at="2024-07-16T12:52:59 BDT">
          <params>
            <param index="0">
              <value>
                <![CDATA["Add QA Head Approval"]]>
              </value>
            </param>
            <param index="1">
              <value>
                <![CDATA["Optional[Approval Page]"]]>
              </value>
            </param>
          </params>
          <reporter-output>
          </reporter-output>
        </test-method> <!-- runScenario -->
        <test-method status="PASS" signature="runScenario(io.cucumber.testng.PickleWrapper, io.cucumber.testng.FeatureWrapper)[pri:0, instance:TestRunner.AllRunnerTest@3d99d22e]" name="runScenario" duration-ms="3413" started-at="2024-07-16T12:52:59 BDT" description="Runs Cucumber Scenarios" data-provider="scenarios" finished-at="2024-07-16T12:53:03 BDT">
          <params>
            <param index="0">
              <value>
                <![CDATA["Add QA Head Approval"]]>
              </value>
            </param>
            <param index="1">
              <value>
                <![CDATA["Optional[Approval Page]"]]>
              </value>
            </param>
          </params>
          <reporter-output>
          </reporter-output>
        </test-method> <!-- runScenario -->
        <test-method status="PASS" signature="runScenario(io.cucumber.testng.PickleWrapper, io.cucumber.testng.FeatureWrapper)[pri:0, instance:TestRunner.AllRunnerTest@3d99d22e]" name="runScenario" duration-ms="2745" started-at="2024-07-16T12:53:03 BDT" description="Runs Cucumber Scenarios" data-provider="scenarios" finished-at="2024-07-16T12:53:05 BDT">
          <params>
            <param index="0">
              <value>
                <![CDATA["Add QA Head Approval"]]>
              </value>
            </param>
            <param index="1">
              <value>
                <![CDATA["Optional[Approval Page]"]]>
              </value>
            </param>
          </params>
          <reporter-output>
          </reporter-output>
        </test-method> <!-- runScenario -->
        <test-method status="PASS" signature="runScenario(io.cucumber.testng.PickleWrapper, io.cucumber.testng.FeatureWrapper)[pri:0, instance:TestRunner.AllRunnerTest@3d99d22e]" name="runScenario" duration-ms="2781" started-at="2024-07-16T12:53:05 BDT" description="Runs Cucumber Scenarios" data-provider="scenarios" finished-at="2024-07-16T12:53:08 BDT">
          <params>
            <param index="0">
              <value>
                <![CDATA["Add QA Head Approval"]]>
              </value>
            </param>
            <param index="1">
              <value>
                <![CDATA["Optional[Approval Page]"]]>
              </value>
            </param>
          </params>
          <reporter-output>
          </reporter-output>
        </test-method> <!-- runScenario -->
        <test-method status="PASS" signature="runScenario(io.cucumber.testng.PickleWrapper, io.cucumber.testng.FeatureWrapper)[pri:0, instance:TestRunner.AllRunnerTest@3d99d22e]" name="runScenario" duration-ms="2775" started-at="2024-07-16T12:53:08 BDT" description="Runs Cucumber Scenarios" data-provider="scenarios" finished-at="2024-07-16T12:53:11 BDT">
          <params>
            <param index="0">
              <value>
                <![CDATA["Add QA Head Approval"]]>
              </value>
            </param>
            <param index="1">
              <value>
                <![CDATA["Optional[Approval Page]"]]>
              </value>
            </param>
          </params>
          <reporter-output>
          </reporter-output>
        </test-method> <!-- runScenario -->
        <test-method status="PASS" signature="runScenario(io.cucumber.testng.PickleWrapper, io.cucumber.testng.FeatureWrapper)[pri:0, instance:TestRunner.AllRunnerTest@3d99d22e]" name="runScenario" duration-ms="4911" started-at="2024-07-16T12:53:11 BDT" description="Runs Cucumber Scenarios" data-provider="scenarios" finished-at="2024-07-16T12:53:16 BDT">
          <params>
            <param index="0">
              <value>
                <![CDATA["Add QA Head Approval"]]>
              </value>
            </param>
            <param index="1">
              <value>
                <![CDATA["Optional[Approval Page]"]]>
              </value>
            </param>
          </params>
          <reporter-output>
          </reporter-output>
        </test-method> <!-- runScenario -->
        <test-method status="PASS" signature="tearDownClass()[pri:0, instance:TestRunner.AllRunnerTest@3d99d22e]" name="tearDownClass" is-config="true" duration-ms="59" started-at="2024-07-16T12:53:16 BDT" finished-at="2024-07-16T12:53:16 BDT">
          <reporter-output>
          </reporter-output>
        </test-method> <!-- tearDownClass -->
      </class> <!-- TestRunner.AllRunnerTest -->
    </test> <!-- webTest -->
  </suite> <!-- Suite -->
</testng-results>
