<?xml version="1.0" encoding="UTF-8"?>
<testng-results skipped="0" failed="0" ignored="0" total="16" passed="16">
  <reporter-output>
  </reporter-output>
  <suite name="Suite" duration-ms="66924" started-at="2024-07-28T15:28:04 BDT" finished-at="2024-07-28T15:29:11 BDT">
    <groups>
      <group name="cucumber">
        <method signature="AbstractTestNGCucumberTests.runScenario(io.cucumber.testng.PickleWrapper, io.cucumber.testng.FeatureWrapper)[pri:0, instance:TestRunner.AllRunnerTest@3d99d22e]" name="runScenario" class="io.cucumber.testng.AbstractTestNGCucumberTests"/>
      </group> <!-- cucumber -->
    </groups>
    <test name="webTest" duration-ms="66924" started-at="2024-07-28T15:28:04 BDT" finished-at="2024-07-28T15:29:11 BDT">
      <class name="TestRunner.AllRunnerTest">
        <test-method status="PASS" signature="setUpClass()[pri:0, instance:TestRunner.AllRunnerTest@3d99d22e]" name="setUpClass" is-config="true" duration-ms="474" started-at="2024-07-28T15:28:04 BDT" finished-at="2024-07-28T15:28:04 BDT">
          <reporter-output>
          </reporter-output>
        </test-method> <!-- setUpClass -->
        <test-method status="PASS" signature="runScenario(io.cucumber.testng.PickleWrapper, io.cucumber.testng.FeatureWrapper)[pri:0, instance:TestRunner.AllRunnerTest@3d99d22e]" name="runScenario" duration-ms="4718" started-at="2024-07-28T15:28:04 BDT" description="Runs Cucumber Scenarios" data-provider="scenarios" finished-at="2024-07-28T15:28:09 BDT">
          <params>
            <param index="0">
              <value>
                <![CDATA["Login with valid data"]]>
              </value>
            </param>
            <param index="1">
              <value>
                <![CDATA["Optional[EQMS Login]"]]>
              </value>
            </param>
          </params>
          <reporter-output>
          </reporter-output>
        </test-method> <!-- runScenario -->
        <test-method status="PASS" signature="runScenario(io.cucumber.testng.PickleWrapper, io.cucumber.testng.FeatureWrapper)[pri:0, instance:TestRunner.AllRunnerTest@3d99d22e]" name="runScenario" duration-ms="3375" started-at="2024-07-28T15:28:09 BDT" description="Runs Cucumber Scenarios" data-provider="scenarios" finished-at="2024-07-28T15:28:12 BDT">
          <params>
            <param index="0">
              <value>
                <![CDATA["Add customer complaints issue"]]>
              </value>
            </param>
            <param index="1">
              <value>
                <![CDATA["Optional[Customer Complains]"]]>
              </value>
            </param>
          </params>
          <reporter-output>
          </reporter-output>
        </test-method> <!-- runScenario -->
        <test-method status="PASS" signature="runScenario(io.cucumber.testng.PickleWrapper, io.cucumber.testng.FeatureWrapper)[pri:0, instance:TestRunner.AllRunnerTest@3d99d22e]" name="runScenario" duration-ms="7092" started-at="2024-07-28T15:28:12 BDT" description="Runs Cucumber Scenarios" data-provider="scenarios" finished-at="2024-07-28T15:28:19 BDT">
          <params>
            <param index="0">
              <value>
                <![CDATA["Add Marketing representative"]]>
              </value>
            </param>
            <param index="1">
              <value>
                <![CDATA["Optional[Marketing/IMD Representative]"]]>
              </value>
            </param>
          </params>
          <reporter-output>
          </reporter-output>
        </test-method> <!-- runScenario -->
        <test-method status="PASS" signature="runScenario(io.cucumber.testng.PickleWrapper, io.cucumber.testng.FeatureWrapper)[pri:0, instance:TestRunner.AllRunnerTest@3d99d22e]" name="runScenario" duration-ms="7391" started-at="2024-07-28T15:28:19 BDT" description="Runs Cucumber Scenarios" data-provider="scenarios" finished-at="2024-07-28T15:28:27 BDT">
          <params>
            <param index="0">
              <value>
                <![CDATA["Add Factory head information"]]>
              </value>
            </param>
            <param index="1">
              <value>
                <![CDATA["Optional[Factory Head]"]]>
              </value>
            </param>
          </params>
          <reporter-output>
          </reporter-output>
        </test-method> <!-- runScenario -->
        <test-method status="PASS" signature="runScenario(io.cucumber.testng.PickleWrapper, io.cucumber.testng.FeatureWrapper)[pri:0, instance:TestRunner.AllRunnerTest@3d99d22e]" name="runScenario" duration-ms="7255" started-at="2024-07-28T15:28:27 BDT" description="Runs Cucumber Scenarios" data-provider="scenarios" finished-at="2024-07-28T15:28:34 BDT">
          <params>
            <param index="0">
              <value>
                <![CDATA["Add head of qa"]]>
              </value>
            </param>
            <param index="1">
              <value>
                <![CDATA["Optional[Head Of QA]"]]>
              </value>
            </param>
          </params>
          <reporter-output>
          </reporter-output>
        </test-method> <!-- runScenario -->
        <test-method status="PASS" signature="runScenario(io.cucumber.testng.PickleWrapper, io.cucumber.testng.FeatureWrapper)[pri:0, instance:TestRunner.AllRunnerTest@3d99d22e]" name="runScenario" duration-ms="2721" started-at="2024-07-28T15:28:34 BDT" description="Runs Cucumber Scenarios" data-provider="scenarios" finished-at="2024-07-28T15:28:37 BDT">
          <params>
            <param index="0">
              <value>
                <![CDATA["Add Head of PD"]]>
              </value>
            </param>
            <param index="1">
              <value>
                <![CDATA["Optional[Head of PD and Production]"]]>
              </value>
            </param>
          </params>
          <reporter-output>
          </reporter-output>
        </test-method> <!-- runScenario -->
        <test-method status="PASS" signature="runScenario(io.cucumber.testng.PickleWrapper, io.cucumber.testng.FeatureWrapper)[pri:0, instance:TestRunner.AllRunnerTest@3d99d22e]" name="runScenario" duration-ms="3251" started-at="2024-07-28T15:28:37 BDT" description="Runs Cucumber Scenarios" data-provider="scenarios" finished-at="2024-07-28T15:28:40 BDT">
          <params>
            <param index="0">
              <value>
                <![CDATA["Add Head of Production"]]>
              </value>
            </param>
            <param index="1">
              <value>
                <![CDATA["Optional[Head of Production]"]]>
              </value>
            </param>
          </params>
          <reporter-output>
          </reporter-output>
        </test-method> <!-- runScenario -->
        <test-method status="PASS" signature="runScenario(io.cucumber.testng.PickleWrapper, io.cucumber.testng.FeatureWrapper)[pri:0, instance:TestRunner.AllRunnerTest@3d99d22e]" name="runScenario" duration-ms="3170" started-at="2024-07-28T15:28:40 BDT" description="Runs Cucumber Scenarios" data-provider="scenarios" finished-at="2024-07-28T15:28:43 BDT">
          <params>
            <param index="0">
              <value>
                <![CDATA["Add RC and CAPA Team"]]>
              </value>
            </param>
            <param index="1">
              <value>
                <![CDATA["Optional[RC and CAPA Team]"]]>
              </value>
            </param>
          </params>
          <reporter-output>
          </reporter-output>
        </test-method> <!-- runScenario -->
        <test-method status="PASS" signature="runScenario(io.cucumber.testng.PickleWrapper, io.cucumber.testng.FeatureWrapper)[pri:0, instance:TestRunner.AllRunnerTest@3d99d22e]" name="runScenario" duration-ms="3306" started-at="2024-07-28T15:28:43 BDT" description="Runs Cucumber Scenarios" data-provider="scenarios" finished-at="2024-07-28T15:28:47 BDT">
          <params>
            <param index="0">
              <value>
                <![CDATA["Add QA Head Approval"]]>
              </value>
            </param>
            <param index="1">
              <value>
                <![CDATA["Optional[Approval Page]"]]>
              </value>
            </param>
          </params>
          <reporter-output>
          </reporter-output>
        </test-method> <!-- runScenario -->
        <test-method status="PASS" signature="runScenario(io.cucumber.testng.PickleWrapper, io.cucumber.testng.FeatureWrapper)[pri:0, instance:TestRunner.AllRunnerTest@3d99d22e]" name="runScenario" duration-ms="3229" started-at="2024-07-28T15:28:47 BDT" description="Runs Cucumber Scenarios" data-provider="scenarios" finished-at="2024-07-28T15:28:50 BDT">
          <params>
            <param index="0">
              <value>
                <![CDATA["Add PD Head Approval"]]>
              </value>
            </param>
            <param index="1">
              <value>
                <![CDATA["Optional[Approval Page]"]]>
              </value>
            </param>
          </params>
          <reporter-output>
          </reporter-output>
        </test-method> <!-- runScenario -->
        <test-method status="PASS" signature="runScenario(io.cucumber.testng.PickleWrapper, io.cucumber.testng.FeatureWrapper)[pri:0, instance:TestRunner.AllRunnerTest@3d99d22e]" name="runScenario" duration-ms="2715" started-at="2024-07-28T15:28:50 BDT" description="Runs Cucumber Scenarios" data-provider="scenarios" finished-at="2024-07-28T15:28:52 BDT">
          <params>
            <param index="0">
              <value>
                <![CDATA["Add Production Head Approval"]]>
              </value>
            </param>
            <param index="1">
              <value>
                <![CDATA["Optional[Approval Page]"]]>
              </value>
            </param>
          </params>
          <reporter-output>
          </reporter-output>
        </test-method> <!-- runScenario -->
        <test-method status="PASS" signature="runScenario(io.cucumber.testng.PickleWrapper, io.cucumber.testng.FeatureWrapper)[pri:0, instance:TestRunner.AllRunnerTest@3d99d22e]" name="runScenario" duration-ms="3256" started-at="2024-07-28T15:28:52 BDT" description="Runs Cucumber Scenarios" data-provider="scenarios" finished-at="2024-07-28T15:28:56 BDT">
          <params>
            <param index="0">
              <value>
                <![CDATA["Add Factory Head Approval"]]>
              </value>
            </param>
            <param index="1">
              <value>
                <![CDATA["Optional[Approval Page]"]]>
              </value>
            </param>
          </params>
          <reporter-output>
          </reporter-output>
        </test-method> <!-- runScenario -->
        <test-method status="PASS" signature="runScenario(io.cucumber.testng.PickleWrapper, io.cucumber.testng.FeatureWrapper)[pri:0, instance:TestRunner.AllRunnerTest@3d99d22e]" name="runScenario" duration-ms="3221" started-at="2024-07-28T15:28:56 BDT" description="Runs Cucumber Scenarios" data-provider="scenarios" finished-at="2024-07-28T15:28:59 BDT">
          <params>
            <param index="0">
              <value>
                <![CDATA["Add Marketing Head Acknowledgement"]]>
              </value>
            </param>
            <param index="1">
              <value>
                <![CDATA["Optional[Approval Page]"]]>
              </value>
            </param>
          </params>
          <reporter-output>
          </reporter-output>
        </test-method> <!-- runScenario -->
        <test-method status="PASS" signature="runScenario(io.cucumber.testng.PickleWrapper, io.cucumber.testng.FeatureWrapper)[pri:0, instance:TestRunner.AllRunnerTest@3d99d22e]" name="runScenario" duration-ms="3202" started-at="2024-07-28T15:28:59 BDT" description="Runs Cucumber Scenarios" data-provider="scenarios" finished-at="2024-07-28T15:29:02 BDT">
          <params>
            <param index="0">
              <value>
                <![CDATA["Add Action Taken Report"]]>
              </value>
            </param>
            <param index="1">
              <value>
                <![CDATA["Optional[Approval Page]"]]>
              </value>
            </param>
          </params>
          <reporter-output>
          </reporter-output>
        </test-method> <!-- runScenario -->
        <test-method status="PASS" signature="runScenario(io.cucumber.testng.PickleWrapper, io.cucumber.testng.FeatureWrapper)[pri:0, instance:TestRunner.AllRunnerTest@3d99d22e]" name="runScenario" duration-ms="3227" started-at="2024-07-28T15:29:02 BDT" description="Runs Cucumber Scenarios" data-provider="scenarios" finished-at="2024-07-28T15:29:05 BDT">
          <params>
            <param index="0">
              <value>
                <![CDATA["Add Sales Head Acknowledgement"]]>
              </value>
            </param>
            <param index="1">
              <value>
                <![CDATA["Optional[Approval Page]"]]>
              </value>
            </param>
          </params>
          <reporter-output>
          </reporter-output>
        </test-method> <!-- runScenario -->
        <test-method status="PASS" signature="runScenario(io.cucumber.testng.PickleWrapper, io.cucumber.testng.FeatureWrapper)[pri:0, instance:TestRunner.AllRunnerTest@3d99d22e]" name="runScenario" duration-ms="5236" started-at="2024-07-28T15:29:05 BDT" description="Runs Cucumber Scenarios" data-provider="scenarios" finished-at="2024-07-28T15:29:11 BDT">
          <params>
            <param index="0">
              <value>
                <![CDATA["Add Complaint Close"]]>
              </value>
            </param>
            <param index="1">
              <value>
                <![CDATA["Optional[Approval Page]"]]>
              </value>
            </param>
          </params>
          <reporter-output>
          </reporter-output>
        </test-method> <!-- runScenario -->
        <test-method status="PASS" signature="tearDownClass()[pri:0, instance:TestRunner.AllRunnerTest@3d99d22e]" name="tearDownClass" is-config="true" duration-ms="53" started-at="2024-07-28T15:29:11 BDT" finished-at="2024-07-28T15:29:11 BDT">
          <reporter-output>
          </reporter-output>
        </test-method> <!-- tearDownClass -->
      </class> <!-- TestRunner.AllRunnerTest -->
    </test> <!-- webTest -->
  </suite> <!-- Suite -->
</testng-results>
